<?xml version="1.0" encoding="UTF-8"?>
<!-- Generated by org.testng.reporters.JUnitXMLReporter -->
<testsuite ignored="0" hostname="DESKTOP-3GVO40S" failures="1" tests="1" name="Test3" time="0.247" errors="0" timestamp="2021-11-01T22:42:37 IST">
  <testcase classname="TestNg.CrossBrowser" name="cross" time="0.142">
    <failure type="java.lang.IllegalStateException" message="The path to the driver executable must be set by the webdriver.edge.driver system property; for more information, see https://github.com/SeleniumHQ/selenium/wiki/MicrosoftWebDriver. The latest version can be downloaded from http://go.microsoft.com/fwlink/?LinkId=619687">
      <![CDATA[java.lang.IllegalStateException: The path to the driver executable must be set by the webdriver.edge.driver system property; for more information, see https://github.com/SeleniumHQ/selenium/wiki/MicrosoftWebDriver. The latest version can be downloaded from http://go.microsoft.com/fwlink/?LinkId=619687
at com.google.common.base.Preconditions.checkState(Preconditions.java:847)
at org.openqa.selenium.remote.service.DriverService.findExecutable(DriverService.java:134)
at org.openqa.selenium.edge.EdgeDriverService.access$000(EdgeDriverService.java:37)
at org.openqa.selenium.edge.EdgeDriverService$Builder.findDefaultExecutable(EdgeDriverService.java:90)
at org.openqa.selenium.remote.service.DriverService$Builder.build(DriverService.java:355)
at org.openqa.selenium.edge.EdgeDriverService.createDefaultService(EdgeDriverService.java:70)
at org.openqa.selenium.edge.EdgeDriver.<init>(EdgeDriver.java:96)
at TestNg.CrossBrowser.cross(CrossBrowser.java:29)
at java.base/java.util.ArrayList.forEach(ArrayList.java:1511)
at java.base/java.util.concurrent.FutureTask.run(FutureTask.java:264)
at java.base/java.util.concurrent.ThreadPoolExecutor.runWorker(ThreadPoolExecutor.java:1130)
at java.base/java.util.concurrent.ThreadPoolExecutor$Worker.run(ThreadPoolExecutor.java:630)
at java.base/java.lang.Thread.run(Thread.java:831)
... Removed 18 stack frames]]>
    </failure>
  </testcase> <!-- cross -->
</testsuite> <!-- Test3 -->
