<?xml version="1.0" encoding="UTF-8"?>
<!-- Generated by org.testng.reporters.JUnitXMLReporter -->
<testsuite ignored="4" hostname="DESKTOP-3GVO40S" failures="0" tests="0" time="0.017" errors="0" timestamp="2021-10-29T10:50:46 IST">
  <testcase classname="TestNg.Group2$Group1" name="smoke1" time="0.0">
    <ignored/>
  </testcase> <!-- smoke1 -->
  <testcase classname="TestNg.Group1" name="smoke" time="0.0">
    <ignored/>
  </testcase> <!-- smoke -->
  <testcase classname="TestNg.Group2$Group1" name="smoke" time="0.0">
    <ignored/>
  </testcase> <!-- smoke -->
  <testcase classname="TestNg.Group1" name="smoke1" time="0.0">
    <ignored/>
  </testcase> <!-- smoke1 -->
</testsuite>
