<?xml version="1.0" encoding="UTF-8"?>
<testng-results ignored="0" total="2" passed="2" failed="0" skipped="0">
  <reporter-output>
  </reporter-output>
  <suite started-at="2021-10-28T10:44:49 IST" name="Default suite" finished-at="2021-10-28T10:46:23 IST" duration-ms="93278">
    <groups>
    </groups>
    <test started-at="2021-10-28T10:44:49 IST" name="Default test" finished-at="2021-10-28T10:46:23 IST" duration-ms="93278">
      <class name="TestNg.TestingVtigerPage">
        <test-method signature="VtigerPageTesting()[pri:0, instance:TestNg.TestingVtigerPage@2accdbb5]" started-at="2021-10-28T10:44:49 IST" name="VtigerPageTesting" finished-at="2021-10-28T10:45:40 IST" duration-ms="50518" status="PASS">
          <reporter-output>
          </reporter-output>
        </test-method> <!-- VtigerPageTesting -->
        <test-method signature="VtigerPageTesting()[pri:0, instance:TestNg.TestingVtigerPage@2accdbb5]" started-at="2021-10-28T10:45:40 IST" name="VtigerPageTesting" finished-at="2021-10-28T10:46:23 IST" duration-ms="42686" status="PASS">
          <reporter-output>
          </reporter-output>
        </test-method> <!-- VtigerPageTesting -->
      </class> <!-- TestNg.TestingVtigerPage -->
    </test> <!-- Default test -->
  </suite> <!-- Default suite -->
</testng-results>
